#! /c/Source/iverilog-install/bin/vvp
:ivl_version "12.0 (devel)" "(s20150603-1110-g18392a46)";
:ivl_delay_selection "TYPICAL";
:vpi_time_precision - 12;
:vpi_module "C:\iverilog\lib\ivl\system.vpi";
:vpi_module "C:\iverilog\lib\ivl\vhdl_sys.vpi";
:vpi_module "C:\iverilog\lib\ivl\vhdl_textio.vpi";
:vpi_module "C:\iverilog\lib\ivl\v2005_math.vpi";
:vpi_module "C:\iverilog\lib\ivl\va_math.vpi";
:vpi_module "C:\iverilog\lib\ivl\v2009.vpi";
S_0000027c2a093b50 .scope package, "$unit" "$unit" 2 1;
 .timescale 0 0;
S_0000027c2a0528e0 .scope module, "tb_sdram_controller" "tb_sdram_controller" 3 3;
 .timescale -9 -12;
P_0000027c2a096470 .param/l "ADDR_WIDTH" 1 3 7, +C4<00000000000000000000000000011000>;
P_0000027c2a0964a8 .param/l "CLK_PERIOD" 1 3 5, +C4<00000000000000000000000000001010>;
P_0000027c2a0964e0 .param/l "DATA_WIDTH" 1 3 6, +C4<00000000000000000000000000010000>;
v0000027c2a0f7080_0 .var "clk", 0 0;
v0000027c2a0f6d60_0 .net "host_ack", 0 0, v0000027c2a0880a0_0;  1 drivers
v0000027c2a0f7120_0 .var "host_addr", 23 0;
v0000027c2a0f6a40_0 .var "host_be", 1 0;
v0000027c2a0f74e0_0 .net "host_rdata", 15 0, v0000027c2a088dc0_0;  1 drivers
v0000027c2a0f6e00_0 .net "host_rdata_valid", 0 0, v0000027c2a088280_0;  1 drivers
v0000027c2a0f7760_0 .var "host_req", 0 0;
v0000027c2a0f67c0_0 .var "host_wdata", 15 0;
v0000027c2a0f7da0_0 .var "host_we", 0 0;
v0000027c2a0f7f80_0 .var "rst_n", 0 0;
v0000027c2a0f8020_0 .net "sdram_addr", 12 0, v0000027c2a0f7bc0_0;  1 drivers
v0000027c2a0f7580_0 .net "sdram_ba", 1 0, v0000027c2a0f7300_0;  1 drivers
v0000027c2a0f6900_0 .net "sdram_cas_n", 0 0, v0000027c2a0f6860_0;  1 drivers
v0000027c2a0f7620_0 .net "sdram_cke", 0 0, v0000027c2a0f73a0_0;  1 drivers
v0000027c2a0f8480_0 .net "sdram_cs_n", 0 0, v0000027c2a0f8660_0;  1 drivers
RS_0000027c2a09eb68 .resolv tri, v0000027c2a0f76c0_0, L_0000027c2a0f6ea0;
v0000027c2a0f69a0_0 .net8 "sdram_dq", 15 0, RS_0000027c2a09eb68;  2 drivers
v0000027c2a0f76c0_0 .var "sdram_dq_model", 15 0;
v0000027c2a0f82a0_0 .net "sdram_dqm", 1 0, v0000027c2a0f85c0_0;  1 drivers
v0000027c2a0f8160_0 .net "sdram_ras_n", 0 0, v0000027c2a0f7d00_0;  1 drivers
v0000027c2a0f78a0_0 .net "sdram_we_n", 0 0, v0000027c2a0f80c0_0;  1 drivers
E_0000027c2a08d810 .event posedge, v0000027c2a088b40_0;
E_0000027c2a08dc90 .event anyedge, v0000027c2a088280_0;
E_0000027c2a08d6d0 .event anyedge, v0000027c2a0880a0_0;
E_0000027c2a08d910 .event anyedge, v0000027c2a0f7940_0;
S_0000027c2a094250 .scope module, "dut" "sdram_controller" 3 32, 4 3 0, S_0000027c2a0528e0;
 .timescale -9 -12;
    .port_info 0 /INPUT 1 "clk";
    .port_info 1 /INPUT 1 "rst_n";
    .port_info 2 /INPUT 1 "host_req";
    .port_info 3 /INPUT 1 "host_we";
    .port_info 4 /INPUT 24 "host_addr";
    .port_info 5 /INPUT 16 "host_wdata";
    .port_info 6 /INPUT 2 "host_be";
    .port_info 7 /OUTPUT 1 "host_ack";
    .port_info 8 /OUTPUT 1 "host_rdata_valid";
    .port_info 9 /OUTPUT 16 "host_rdata";
    .port_info 10 /OUTPUT 1 "sdram_cke";
    .port_info 11 /OUTPUT 1 "sdram_cs_n";
    .port_info 12 /OUTPUT 1 "sdram_ras_n";
    .port_info 13 /OUTPUT 1 "sdram_cas_n";
    .port_info 14 /OUTPUT 1 "sdram_we_n";
    .port_info 15 /OUTPUT 2 "sdram_ba";
    .port_info 16 /OUTPUT 13 "sdram_addr";
    .port_info 17 /INOUT 16 "sdram_dq";
    .port_info 18 /OUTPUT 2 "sdram_dqm";
P_0000027c2a09b640 .param/l "CAS_LATENCY" 0 4 5, +C4<00000000000000000000000000000010>;
P_0000027c2a09b678 .param/l "CLK_FREQ_MHZ" 0 4 4, +C4<00000000000000000000000000000001>;
P_0000027c2a09b6b0 .param/l "CMD_ACTIVE" 1 4 41, C4<0011>;
P_0000027c2a09b6e8 .param/l "CMD_LOAD_MODE" 1 4 46, C4<0000>;
P_0000027c2a09b720 .param/l "CMD_NOP" 1 4 40, C4<0111>;
P_0000027c2a09b758 .param/l "CMD_PRECHARGE" 1 4 44, C4<0010>;
P_0000027c2a09b790 .param/l "CMD_READ" 1 4 42, C4<0101>;
P_0000027c2a09b7c8 .param/l "CMD_REFRESH" 1 4 45, C4<0001>;
P_0000027c2a09b800 .param/l "CMD_WRITE" 1 4 43, C4<0100>;
P_0000027c2a09b838 .param/l "HOST_ADDR_WIDTH" 0 4 17, +C4<00000000000000000000000000011000>;
P_0000027c2a09b870 .param/l "INIT_WAIT_CYCLES" 1 4 79, +C4<0000000000000000000000000000000000000000000000000000000011001000>;
P_0000027c2a09b8a8 .param/l "REFRESH_CYCLES" 0 4 11, +C4<00000000000000000000001011101110>;
P_0000027c2a09b8e0 .param/l "SDRAM_ADDR_WIDTH" 0 4 13, +C4<00000000000000000000000000001101>;
P_0000027c2a09b918 .param/l "SDRAM_BANK_WIDTH" 0 4 16, +C4<00000000000000000000000000000010>;
P_0000027c2a09b950 .param/l "SDRAM_COL_WIDTH" 0 4 14, +C4<00000000000000000000000000001001>;
P_0000027c2a09b988 .param/l "SDRAM_DATA_WIDTH" 0 4 12, +C4<00000000000000000000000000010000>;
P_0000027c2a09b9c0 .param/l "SDRAM_ROW_WIDTH" 0 4 15, +C4<00000000000000000000000000001101>;
P_0000027c2a09b9f8 .param/l "S_ACTIVE" 1 4 55, C4<0111>;
P_0000027c2a09ba30 .param/l "S_IDLE" 1 4 53, C4<0101>;
P_0000027c2a09ba68 .param/l "S_INIT_MRS" 1 4 52, C4<0100>;
P_0000027c2a09baa0 .param/l "S_INIT_PRE" 1 4 49, C4<0001>;
P_0000027c2a09bad8 .param/l "S_INIT_REF1" 1 4 50, C4<0010>;
P_0000027c2a09bb10 .param/l "S_INIT_REF2" 1 4 51, C4<0011>;
P_0000027c2a09bb48 .param/l "S_INIT_WAIT" 1 4 48, C4<0000>;
P_0000027c2a09bb80 .param/l "S_READ" 1 4 56, C4<1000>;
P_0000027c2a09bbb8 .param/l "S_REFRESH" 1 4 54, C4<0110>;
P_0000027c2a09bbf0 .param/l "S_WRITE" 1 4 57, C4<1001>;
P_0000027c2a09bc28 .param/l "T_MRD" 0 4 10, +C4<00000000000000000000000000000010>;
P_0000027c2a09bc60 .param/l "T_RC" 0 4 6, +C4<00000000000000000000000000001001>;
P_0000027c2a09bc98 .param/l "T_RCD" 0 4 7, +C4<00000000000000000000000000000010>;
P_0000027c2a09bcd0 .param/l "T_RP" 0 4 8, +C4<00000000000000000000000000000010>;
P_0000027c2a09bd08 .param/l "T_WR" 0 4 9, +C4<00000000000000000000000000000010>;
o0000027c2a09e688 .functor BUFZ 16, C4<zzzzzzzzzzzzzzzz>; HiZ drive
; Elide local net with no drivers, v0000027c2a088000_0 name=_ivl_6
v0000027c2a088b40_0 .net "clk", 0 0, v0000027c2a0f7080_0;  1 drivers
v0000027c2a088be0_0 .var "cmd_timer", 3 0;
v0000027c2a088c80_0 .var "dq_oe", 0 0;
v0000027c2a088d20_0 .var "dq_out", 15 0;
v0000027c2a0880a0_0 .var "host_ack", 0 0;
v0000027c2a0881e0_0 .net "host_addr", 23 0, v0000027c2a0f7120_0;  1 drivers
v0000027c2a0885a0_0 .net "host_be", 1 0, v0000027c2a0f6a40_0;  1 drivers
v0000027c2a088dc0_0 .var "host_rdata", 15 0;
v0000027c2a088280_0 .var "host_rdata_valid", 0 0;
v0000027c2a088e60_0 .net "host_req", 0 0, v0000027c2a0f7760_0;  1 drivers
v0000027c2a088140_0 .net "host_wdata", 15 0, v0000027c2a0f67c0_0;  1 drivers
v0000027c2a088320_0 .net "host_we", 0 0, v0000027c2a0f7da0_0;  1 drivers
v0000027c2a0883c0_0 .var "init_timer", 15 0;
v0000027c2a088460 .array "rd_pipe", 3 0, 15 0;
v0000027c2a088500_0 .var "rd_valid_pipe", 3 0;
v0000027c2a088640_0 .var "refresh_req", 0 0;
v0000027c2a0886e0_0 .var "refresh_timer", 9 0;
v0000027c2a0f6cc0_0 .net "req_bank", 1 0, L_0000027c2a0f6ae0;  1 drivers
v0000027c2a0f7e40_0 .net "req_col", 8 0, L_0000027c2a0f6b80;  1 drivers
v0000027c2a0f7800_0 .net "req_row", 12 0, L_0000027c2a0f79e0;  1 drivers
v0000027c2a0f6c20_0 .net "rst_n", 0 0, v0000027c2a0f7f80_0;  1 drivers
v0000027c2a0f7bc0_0 .var "sdram_addr", 12 0;
v0000027c2a0f7300_0 .var "sdram_ba", 1 0;
v0000027c2a0f6860_0 .var "sdram_cas_n", 0 0;
v0000027c2a0f73a0_0 .var "sdram_cke", 0 0;
v0000027c2a0f8660_0 .var "sdram_cs_n", 0 0;
v0000027c2a0f7c60_0 .net8 "sdram_dq", 15 0, RS_0000027c2a09eb68;  alias, 2 drivers
v0000027c2a0f85c0_0 .var "sdram_dqm", 1 0;
v0000027c2a0f7d00_0 .var "sdram_ras_n", 0 0;
v0000027c2a0f80c0_0 .var "sdram_we_n", 0 0;
v0000027c2a0f7940_0 .var "state", 3 0;
v0000027c2a0f6f40_0 .var "wr_be_lat", 1 0;
v0000027c2a0f6fe0_0 .var "wr_data_lat", 15 0;
v0000027c2a0f7b20_0 .var "wr_pending", 0 0;
E_0000027c2a08df10/0 .event negedge, v0000027c2a0f6c20_0;
E_0000027c2a08df10/1 .event posedge, v0000027c2a088b40_0;
E_0000027c2a08df10 .event/or E_0000027c2a08df10/0, E_0000027c2a08df10/1;
L_0000027c2a0f6ae0 .part v0000027c2a0f7120_0, 22, 2;
L_0000027c2a0f79e0 .part v0000027c2a0f7120_0, 9, 13;
L_0000027c2a0f6b80 .part v0000027c2a0f7120_0, 0, 9;
L_0000027c2a0f6ea0 .functor MUXZ 16, o0000027c2a09e688, v0000027c2a088d20_0, v0000027c2a088c80_0, C4<>;
    .scope S_0000027c2a094250;
T_0 ;
    %wait E_0000027c2a08df10;
    %load/vec4 v0000027c2a0f6c20_0;
    %nor/r;
    %flag_set/vec4 8;
    %jmp/0xz  T_0.0, 8;
    %pushi/vec4 0, 0, 10;
    %assign/vec4 v0000027c2a0886e0_0, 0;
    %pushi/vec4 0, 0, 1;
    %assign/vec4 v0000027c2a088640_0, 0;
    %jmp T_0.1;
T_0.0 ;
    %load/vec4 v0000027c2a0f7940_0;
    %cmpi/e 6, 0, 4;
    %jmp/0xz  T_0.2, 4;
    %pushi/vec4 0, 0, 1;
    %assign/vec4 v0000027c2a088640_0, 0;
    %jmp T_0.3;
T_0.2 ;
    %load/vec4 v0000027c2a0886e0_0;
    %pad/u 32;
    %cmpi/e 749, 0, 32;
    %jmp/0xz  T_0.4, 4;
    %pushi/vec4 0, 0, 10;
    %assign/vec4 v0000027c2a0886e0_0, 0;
    %pushi/vec4 1, 0, 1;
    %assign/vec4 v0000027c2a088640_0, 0;
    %jmp T_0.5;
T_0.4 ;
    %load/vec4 v0000027c2a0886e0_0;
    %addi 1, 0, 10;
    %assign/vec4 v0000027c2a0886e0_0, 0;
T_0.5 ;
T_0.3 ;
T_0.1 ;
    %jmp T_0;
    .thread T_0;
    .scope S_0000027c2a094250;
T_1 ;
    %wait E_0000027c2a08df10;
    %load/vec4 v0000027c2a0f6c20_0;
    %nor/r;
    %flag_set/vec4 8;
    %jmp/0xz  T_1.0, 8;
    %pushi/vec4 200, 0, 16;
    %assign/vec4 v0000027c2a0883c0_0, 0;
    %jmp T_1.1;
T_1.0 ;
    %load/vec4 v0000027c2a0883c0_0;
    %pad/u 32;
    %cmpi/ne 0, 0, 32;
    %jmp/0xz  T_1.2, 4;
    %load/vec4 v0000027c2a0883c0_0;
    %subi 1, 0, 16;
    %assign/vec4 v0000027c2a0883c0_0, 0;
T_1.2 ;
T_1.1 ;
    %jmp T_1;
    .thread T_1;
    .scope S_0000027c2a094250;
T_2 ;
    %wait E_0000027c2a08df10;
    %load/vec4 v0000027c2a0f6c20_0;
    %nor/r;
    %flag_set/vec4 8;
    %jmp/0xz  T_2.0, 8;
    %pushi/vec4 0, 0, 4;
    %assign/vec4 v0000027c2a088be0_0, 0;
    %jmp T_2.1;
T_2.0 ;
    %load/vec4 v0000027c2a088be0_0;
    %pad/u 32;
    %cmpi/ne 0, 0, 32;
    %jmp/0xz  T_2.2, 4;
    %load/vec4 v0000027c2a088be0_0;
    %subi 1, 0, 4;
    %assign/vec4 v0000027c2a088be0_0, 0;
T_2.2 ;
T_2.1 ;
    %jmp T_2;
    .thread T_2;
    .scope S_0000027c2a094250;
T_3 ;
    %wait E_0000027c2a08df10;
    %load/vec4 v0000027c2a0f6c20_0;
    %nor/r;
    %flag_set/vec4 8;
    %jmp/0xz  T_3.0, 8;
    %pushi/vec4 0, 0, 4;
    %assign/vec4 v0000027c2a0f7940_0, 0;
    %pushi/vec4 0, 0, 1;
    %assign/vec4 v0000027c2a0880a0_0, 0;
    %pushi/vec4 0, 0, 1;
    %assign/vec4 v0000027c2a088280_0, 0;
    %pushi/vec4 0, 0, 1;
    %assign/vec4 v0000027c2a088c80_0, 0;
    %pushi/vec4 1, 0, 1;
    %assign/vec4 v0000027c2a0f73a0_0, 0;
    %pushi/vec4 1, 0, 1;
    %assign/vec4 v0000027c2a0f8660_0, 0;
    %pushi/vec4 1, 0, 1;
    %assign/vec4 v0000027c2a0f7d00_0, 0;
    %pushi/vec4 1, 0, 1;
    %assign/vec4 v0000027c2a0f6860_0, 0;
    %pushi/vec4 1, 0, 1;
    %assign/vec4 v0000027c2a0f80c0_0, 0;
    %pushi/vec4 0, 0, 2;
    %assign/vec4 v0000027c2a0f7300_0, 0;
    %pushi/vec4 0, 0, 13;
    %assign/vec4 v0000027c2a0f7bc0_0, 0;
    %pushi/vec4 3, 0, 2;
    %assign/vec4 v0000027c2a0f85c0_0, 0;
    %pushi/vec4 0, 0, 4;
    %assign/vec4 v0000027c2a088500_0, 0;
    %pushi/vec4 0, 0, 1;
    %assign/vec4 v0000027c2a0f7b20_0, 0;
    %jmp T_3.1;
T_3.0 ;
    %pushi/vec4 0, 0, 1;
    %assign/vec4 v0000027c2a0f8660_0, 0;
    %pushi/vec4 1, 0, 1;
    %assign/vec4 v0000027c2a0f7d00_0, 0;
    %pushi/vec4 1, 0, 1;
    %assign/vec4 v0000027c2a0f6860_0, 0;
    %pushi/vec4 1, 0, 1;
    %assign/vec4 v0000027c2a0f80c0_0, 0;
    %pushi/vec4 0, 0, 1;
    %assign/vec4 v0000027c2a0880a0_0, 0;
    %pushi/vec4 0, 0, 1;
    %assign/vec4 v0000027c2a088c80_0, 0;
    %load/vec4 v0000027c2a088500_0;
    %parti/s 3, 0, 2;
    %concati/vec4 0, 0, 1;
    %assign/vec4 v0000027c2a088500_0, 0;
    %load/vec4 v0000027c2a0f7c60_0;
    %ix/load 3, 0, 0;
    %flag_set/imm 4, 0;
    %ix/load 4, 0, 0; Constant delay
    %assign/vec4/a/d v0000027c2a088460, 0, 4;
    %ix/load 4, 0, 0;
    %flag_set/imm 4, 0;
    %load/vec4a v0000027c2a088460, 4;
    %ix/load 3, 1, 0;
    %flag_set/imm 4, 0;
    %ix/load 4, 0, 0; Constant delay
    %assign/vec4/a/d v0000027c2a088460, 0, 4;
    %ix/load 4, 1, 0;
    %flag_set/imm 4, 0;
    %load/vec4a v0000027c2a088460, 4;
    %ix/load 3, 2, 0;
    %flag_set/imm 4, 0;
    %ix/load 4, 0, 0; Constant delay
    %assign/vec4/a/d v0000027c2a088460, 0, 4;
    %ix/load 4, 2, 0;
    %flag_set/imm 4, 0;
    %load/vec4a v0000027c2a088460, 4;
    %ix/load 3, 3, 0;
    %flag_set/imm 4, 0;
    %ix/load 4, 0, 0; Constant delay
    %assign/vec4/a/d v0000027c2a088460, 0, 4;
    %load/vec4 v0000027c2a088500_0;
    %parti/s 1, 2, 3;
    %flag_set/vec4 8;
    %jmp/0xz  T_3.2, 8;
    %ix/load 4, 1, 0;
    %flag_set/imm 4, 0;
    %load/vec4a v0000027c2a088460, 4;
    %assign/vec4 v0000027c2a088dc0_0, 0;
    %pushi/vec4 1, 0, 1;
    %assign/vec4 v0000027c2a088280_0, 0;
    %jmp T_3.3;
T_3.2 ;
    %pushi/vec4 0, 0, 1;
    %assign/vec4 v0000027c2a088280_0, 0;
T_3.3 ;
    %load/vec4 v0000027c2a0f7940_0;
    %dup/vec4;
    %pushi/vec4 0, 0, 4;
    %cmp/u;
    %jmp/1 T_3.4, 6;
    %dup/vec4;
    %pushi/vec4 1, 0, 4;
    %cmp/u;
    %jmp/1 T_3.5, 6;
    %dup/vec4;
    %pushi/vec4 2, 0, 4;
    %cmp/u;
    %jmp/1 T_3.6, 6;
    %dup/vec4;
    %pushi/vec4 3, 0, 4;
    %cmp/u;
    %jmp/1 T_3.7, 6;
    %dup/vec4;
    %pushi/vec4 4, 0, 4;
    %cmp/u;
    %jmp/1 T_3.8, 6;
    %dup/vec4;
    %pushi/vec4 5, 0, 4;
    %cmp/u;
    %jmp/1 T_3.9, 6;
    %dup/vec4;
    %pushi/vec4 6, 0, 4;
    %cmp/u;
    %jmp/1 T_3.10, 6;
    %dup/vec4;
    %pushi/vec4 7, 0, 4;
    %cmp/u;
    %jmp/1 T_3.11, 6;
    %dup/vec4;
    %pushi/vec4 8, 0, 4;
    %cmp/u;
    %jmp/1 T_3.12, 6;
    %dup/vec4;
    %pushi/vec4 9, 0, 4;
    %cmp/u;
    %jmp/1 T_3.13, 6;
    %pushi/vec4 5, 0, 4;
    %assign/vec4 v0000027c2a0f7940_0, 0;
    %jmp T_3.15;
T_3.4 ;
    %pushi/vec4 1, 0, 1;
    %assign/vec4 v0000027c2a0f8660_0, 0;
    %pushi/vec4 3, 0, 2;
    %assign/vec4 v0000027c2a0f85c0_0, 0;
    %load/vec4 v0000027c2a0883c0_0;
    %pad/u 32;
    %cmpi/e 0, 0, 32;
    %jmp/0xz  T_3.16, 4;
    %pushi/vec4 1, 0, 4;
    %assign/vec4 v0000027c2a0f7940_0, 0;
    %pushi/vec4 0, 0, 1;
    %assign/vec4 v0000027c2a0f8660_0, 0;
    %pushi/vec4 0, 0, 1;
    %assign/vec4 v0000027c2a0f7d00_0, 0;
    %pushi/vec4 0, 0, 1;
    %assign/vec4 v0000027c2a0f80c0_0, 0;
    %pushi/vec4 1024, 0, 13;
    %assign/vec4 v0000027c2a0f7bc0_0, 0;
    %pushi/vec4 2, 0, 4;
    %assign/vec4 v0000027c2a088be0_0, 0;
T_3.16 ;
    %jmp T_3.15;
T_3.5 ;
    %load/vec4 v0000027c2a088be0_0;
    %pad/u 32;
    %cmpi/e 0, 0, 32;
    %jmp/0xz  T_3.18, 4;
    %pushi/vec4 2, 0, 4;
    %assign/vec4 v0000027c2a0f7940_0, 0;
    %pushi/vec4 0, 0, 1;
    %assign/vec4 v0000027c2a0f7d00_0, 0;
    %pushi/vec4 0, 0, 1;
    %assign/vec4 v0000027c2a0f6860_0, 0;
    %pushi/vec4 9, 0, 4;
    %assign/vec4 v0000027c2a088be0_0, 0;
T_3.18 ;
    %jmp T_3.15;
T_3.6 ;
    %load/vec4 v0000027c2a088be0_0;
    %pad/u 32;
    %cmpi/e 0, 0, 32;
    %jmp/0xz  T_3.20, 4;
    %pushi/vec4 3, 0, 4;
    %assign/vec4 v0000027c2a0f7940_0, 0;
    %pushi/vec4 0, 0, 1;
    %assign/vec4 v0000027c2a0f7d00_0, 0;
    %pushi/vec4 0, 0, 1;
    %assign/vec4 v0000027c2a0f6860_0, 0;
    %pushi/vec4 9, 0, 4;
    %assign/vec4 v0000027c2a088be0_0, 0;
T_3.20 ;
    %jmp T_3.15;
T_3.7 ;
    %load/vec4 v0000027c2a088be0_0;
    %pad/u 32;
    %cmpi/e 0, 0, 32;
    %jmp/0xz  T_3.22, 4;
    %pushi/vec4 4, 0, 4;
    %assign/vec4 v0000027c2a0f7940_0, 0;
    %pushi/vec4 0, 0, 1;
    %assign/vec4 v0000027c2a0f7d00_0, 0;
    %pushi/vec4 0, 0, 1;
    %assign/vec4 v0000027c2a0f6860_0, 0;
    %pushi/vec4 0, 0, 1;
    %assign/vec4 v0000027c2a0f80c0_0, 0;
    %pushi/vec4 32, 0, 13;
    %assign/vec4 v0000027c2a0f7bc0_0, 0;
    %pushi/vec4 0, 0, 2;
    %assign/vec4 v0000027c2a0f7300_0, 0;
    %pushi/vec4 2, 0, 4;
    %assign/vec4 v0000027c2a088be0_0, 0;
T_3.22 ;
    %jmp T_3.15;
T_3.8 ;
    %load/vec4 v0000027c2a088be0_0;
    %pad/u 32;
    %cmpi/e 0, 0, 32;
    %jmp/0xz  T_3.24, 4;
    %pushi/vec4 5, 0, 4;
    %assign/vec4 v0000027c2a0f7940_0, 0;
T_3.24 ;
    %jmp T_3.15;
T_3.9 ;
    %pushi/vec4 3, 0, 2;
    %assign/vec4 v0000027c2a0f85c0_0, 0;
    %load/vec4 v0000027c2a088640_0;
    %flag_set/vec4 8;
    %jmp/0xz  T_3.26, 8;
    %pushi/vec4 6, 0, 4;
    %assign/vec4 v0000027c2a0f7940_0, 0;
    %pushi/vec4 0, 0, 1;
    %assign/vec4 v0000027c2a0f7d00_0, 0;
    %pushi/vec4 0, 0, 1;
    %assign/vec4 v0000027c2a0f6860_0, 0;
    %pushi/vec4 9, 0, 4;
    %assign/vec4 v0000027c2a088be0_0, 0;
    %jmp T_3.27;
T_3.26 ;
    %load/vec4 v0000027c2a088e60_0;
    %flag_set/vec4 8;
    %jmp/0xz  T_3.28, 8;
    %load/vec4 v0000027c2a088140_0;
    %assign/vec4 v0000027c2a0f6fe0_0, 0;
    %load/vec4 v0000027c2a0885a0_0;
    %assign/vec4 v0000027c2a0f6f40_0, 0;
    %load/vec4 v0000027c2a088320_0;
    %assign/vec4 v0000027c2a0f7b20_0, 0;
    %pushi/vec4 1, 0, 1;
    %assign/vec4 v0000027c2a0880a0_0, 0;
    %pushi/vec4 7, 0, 4;
    %assign/vec4 v0000027c2a0f7940_0, 0;
    %pushi/vec4 0, 0, 1;
    %assign/vec4 v0000027c2a0f7d00_0, 0;
    %load/vec4 v0000027c2a0f6cc0_0;
    %assign/vec4 v0000027c2a0f7300_0, 0;
    %load/vec4 v0000027c2a0f7800_0;
    %assign/vec4 v0000027c2a0f7bc0_0, 0;
    %pushi/vec4 2, 0, 4;
    %assign/vec4 v0000027c2a088be0_0, 0;
T_3.28 ;
T_3.27 ;
    %jmp T_3.15;
T_3.10 ;
    %load/vec4 v0000027c2a088be0_0;
    %pad/u 32;
    %cmpi/e 0, 0, 32;
    %jmp/0xz  T_3.30, 4;
    %pushi/vec4 5, 0, 4;
    %assign/vec4 v0000027c2a0f7940_0, 0;
T_3.30 ;
    %jmp T_3.15;
T_3.11 ;
    %load/vec4 v0000027c2a088be0_0;
    %pad/u 32;
    %cmpi/e 0, 0, 32;
    %jmp/0xz  T_3.32, 4;
    %load/vec4 v0000027c2a0f7b20_0;
    %flag_set/vec4 8;
    %jmp/0xz  T_3.34, 8;
    %pushi/vec4 9, 0, 4;
    %assign/vec4 v0000027c2a0f7940_0, 0;
    %pushi/vec4 0, 0, 1;
    %assign/vec4 v0000027c2a0f6860_0, 0;
    %pushi/vec4 0, 0, 1;
    %assign/vec4 v0000027c2a0f80c0_0, 0;
    %load/vec4 v0000027c2a0f6cc0_0;
    %assign/vec4 v0000027c2a0f7300_0, 0;
    %pushi/vec4 0, 0, 3;
    %concati/vec4 1, 0, 1;
    %load/vec4 v0000027c2a0f7e40_0;
    %concat/vec4; draw_concat_vec4
    %assign/vec4 v0000027c2a0f7bc0_0, 0;
    %pushi/vec4 1, 0, 1;
    %assign/vec4 v0000027c2a088c80_0, 0;
    %load/vec4 v0000027c2a0f6fe0_0;
    %assign/vec4 v0000027c2a088d20_0, 0;
    %load/vec4 v0000027c2a0f6f40_0;
    %inv;
    %assign/vec4 v0000027c2a0f85c0_0, 0;
    %pushi/vec4 4, 0, 4;
    %assign/vec4 v0000027c2a088be0_0, 0;
    %jmp T_3.35;
T_3.34 ;
    %pushi/vec4 8, 0, 4;
    %assign/vec4 v0000027c2a0f7940_0, 0;
    %pushi/vec4 0, 0, 1;
    %assign/vec4 v0000027c2a0f6860_0, 0;
    %load/vec4 v0000027c2a0f6cc0_0;
    %assign/vec4 v0000027c2a0f7300_0, 0;
    %pushi/vec4 0, 0, 3;
    %concati/vec4 1, 0, 1;
    %load/vec4 v0000027c2a0f7e40_0;
    %concat/vec4; draw_concat_vec4
    %assign/vec4 v0000027c2a0f7bc0_0, 0;
    %pushi/vec4 0, 0, 2;
    %assign/vec4 v0000027c2a0f85c0_0, 0;
    %pushi/vec4 1, 0, 1;
    %ix/load 4, 0, 0;
    %ix/load 5, 0, 0;
    %flag_set/imm 4, 0;
    %assign/vec4/off/d v0000027c2a088500_0, 4, 5;
    %pushi/vec4 3, 0, 4;
    %assign/vec4 v0000027c2a088be0_0, 0;
T_3.35 ;
T_3.32 ;
    %jmp T_3.15;
T_3.12 ;
    %pushi/vec4 0, 0, 2;
    %assign/vec4 v0000027c2a0f85c0_0, 0;
    %load/vec4 v0000027c2a088be0_0;
    %pad/u 32;
    %cmpi/e 0, 0, 32;
    %jmp/0xz  T_3.36, 4;
    %pushi/vec4 5, 0, 4;
    %assign/vec4 v0000027c2a0f7940_0, 0;
T_3.36 ;
    %jmp T_3.15;
T_3.13 ;
    %pushi/vec4 1, 0, 1;
    %assign/vec4 v0000027c2a088c80_0, 0;
    %load/vec4 v0000027c2a0f6fe0_0;
    %assign/vec4 v0000027c2a088d20_0, 0;
    %load/vec4 v0000027c2a0f6f40_0;
    %inv;
    %assign/vec4 v0000027c2a0f85c0_0, 0;
    %load/vec4 v0000027c2a088be0_0;
    %pad/u 32;
    %cmpi/e 0, 0, 32;
    %jmp/0xz  T_3.38, 4;
    %pushi/vec4 0, 0, 1;
    %assign/vec4 v0000027c2a088c80_0, 0;
    %pushi/vec4 5, 0, 4;
    %assign/vec4 v0000027c2a0f7940_0, 0;
T_3.38 ;
    %jmp T_3.15;
T_3.15 ;
    %pop/vec4 1;
T_3.1 ;
    %jmp T_3;
    .thread T_3;
    .scope S_0000027c2a0528e0;
T_4 ;
    %pushi/vec4 0, 0, 1;
    %store/vec4 v0000027c2a0f7080_0, 0, 1;
    %end;
    .thread T_4;
    .scope S_0000027c2a0528e0;
T_5 ;
    %delay 5000, 0;
    %load/vec4 v0000027c2a0f7080_0;
    %inv;
    %store/vec4 v0000027c2a0f7080_0, 0, 1;
    %jmp T_5;
    .thread T_5;
    .scope S_0000027c2a0528e0;
T_6 ;
    %delay 2000000000, 0;
    %vpi_call/w 3 61 "$display", "TIMEOUT - simulation exceeded time limit" {0 0 0};
    %vpi_call/w 3 62 "$finish" {0 0 0};
    %end;
    .thread T_6;
    .scope S_0000027c2a0528e0;
T_7 ;
    %vpi_call/w 3 66 "$dumpfile", "sdram_tb.vcd" {0 0 0};
    %vpi_call/w 3 67 "$dumpvars", 32'sb00000000000000000000000000000000, S_0000027c2a0528e0 {0 0 0};
    %pushi/vec4 0, 65535, 16;
    %store/vec4 v0000027c2a0f76c0_0, 0, 16;
    %pushi/vec4 0, 0, 1;
    %store/vec4 v0000027c2a0f7f80_0, 0, 1;
    %pushi/vec4 0, 0, 1;
    %store/vec4 v0000027c2a0f7760_0, 0, 1;
    %pushi/vec4 0, 0, 1;
    %store/vec4 v0000027c2a0f7da0_0, 0, 1;
    %pushi/vec4 0, 0, 24;
    %store/vec4 v0000027c2a0f7120_0, 0, 24;
    %pushi/vec4 0, 0, 16;
    %store/vec4 v0000027c2a0f67c0_0, 0, 16;
    %pushi/vec4 3, 0, 2;
    %store/vec4 v0000027c2a0f6a40_0, 0, 2;
    %pushi/vec4 5, 0, 32;
T_7.0 %dup/vec4;
    %pushi/vec4 0, 0, 32;
    %cmp/s;
    %jmp/1xz T_7.1, 5;
    %jmp/1 T_7.1, 4;
    %pushi/vec4 1, 0, 32;
    %sub;
    %wait E_0000027c2a08d810;
    %jmp T_7.0;
T_7.1 ;
    %pop/vec4 1;
    %pushi/vec4 1, 0, 1;
    %store/vec4 v0000027c2a0f7f80_0, 0, 1;
    %vpi_call/w 3 81 "$display", "[%0t] Reset released", $time {0 0 0};
T_7.2 ;
    %load/vec4 v0000027c2a0f7940_0;
    %pushi/vec4 5, 0, 4;
    %cmp/e;
    %flag_get/vec4 6;
    %cmpi/ne 1, 0, 1;
    %jmp/0xz T_7.3, 6;
    %wait E_0000027c2a08d910;
    %jmp T_7.2;
T_7.3 ;
    %wait E_0000027c2a08d810;
    %vpi_call/w 3 86 "$display", "[%0t] FSM is IDLE - ready for transactions", $time {0 0 0};
    %vpi_call/w 3 91 "$display", "[%0t] Starting WRITE", $time {0 0 0};
    %pushi/vec4 256, 0, 24;
    %store/vec4 v0000027c2a0f7120_0, 0, 24;
    %pushi/vec4 43981, 0, 16;
    %store/vec4 v0000027c2a0f67c0_0, 0, 16;
    %pushi/vec4 3, 0, 2;
    %store/vec4 v0000027c2a0f6a40_0, 0, 2;
    %pushi/vec4 1, 0, 1;
    %store/vec4 v0000027c2a0f7da0_0, 0, 1;
    %pushi/vec4 1, 0, 1;
    %store/vec4 v0000027c2a0f7760_0, 0, 1;
T_7.4 ;
    %load/vec4 v0000027c2a0f6d60_0;
    %pad/u 32;
    %pushi/vec4 1, 0, 32;
    %cmp/e;
    %flag_get/vec4 6;
    %cmpi/ne 1, 0, 1;
    %jmp/0xz T_7.5, 6;
    %wait E_0000027c2a08d6d0;
    %jmp T_7.4;
T_7.5 ;
    %wait E_0000027c2a08d810;
    %pushi/vec4 0, 0, 1;
    %store/vec4 v0000027c2a0f7760_0, 0, 1;
    %vpi_call/w 3 101 "$display", "[%0t] Write ACK received", $time {0 0 0};
T_7.6 ;
    %load/vec4 v0000027c2a0f7940_0;
    %pushi/vec4 5, 0, 4;
    %cmp/e;
    %flag_get/vec4 6;
    %cmpi/ne 1, 0, 1;
    %jmp/0xz T_7.7, 6;
    %wait E_0000027c2a08d910;
    %jmp T_7.6;
T_7.7 ;
    %pushi/vec4 3, 0, 32;
T_7.8 %dup/vec4;
    %pushi/vec4 0, 0, 32;
    %cmp/s;
    %jmp/1xz T_7.9, 5;
    %jmp/1 T_7.9, 4;
    %pushi/vec4 1, 0, 32;
    %sub;
    %wait E_0000027c2a08d810;
    %jmp T_7.8;
T_7.9 ;
    %pop/vec4 1;
    %vpi_call/w 3 110 "$display", "[%0t] Starting READ", $time {0 0 0};
    %pushi/vec4 43981, 0, 16;
    %store/vec4 v0000027c2a0f76c0_0, 0, 16;
    %pushi/vec4 256, 0, 24;
    %store/vec4 v0000027c2a0f7120_0, 0, 24;
    %pushi/vec4 0, 0, 1;
    %store/vec4 v0000027c2a0f7da0_0, 0, 1;
    %pushi/vec4 1, 0, 1;
    %store/vec4 v0000027c2a0f7760_0, 0, 1;
T_7.10 ;
    %load/vec4 v0000027c2a0f6d60_0;
    %pad/u 32;
    %pushi/vec4 1, 0, 32;
    %cmp/e;
    %flag_get/vec4 6;
    %cmpi/ne 1, 0, 1;
    %jmp/0xz T_7.11, 6;
    %wait E_0000027c2a08d6d0;
    %jmp T_7.10;
T_7.11 ;
    %wait E_0000027c2a08d810;
    %pushi/vec4 0, 0, 1;
    %store/vec4 v0000027c2a0f7760_0, 0, 1;
    %vpi_call/w 3 119 "$display", "[%0t] Read ACK received", $time {0 0 0};
T_7.12 ;
    %load/vec4 v0000027c2a0f6e00_0;
    %pad/u 32;
    %pushi/vec4 1, 0, 32;
    %cmp/e;
    %flag_get/vec4 6;
    %cmpi/ne 1, 0, 1;
    %jmp/0xz T_7.13, 6;
    %wait E_0000027c2a08dc90;
    %jmp T_7.12;
T_7.13 ;
    %vpi_call/w 3 123 "$display", "[%0t] Read data = 0x%04X  (expected 0xABCD)", $time, v0000027c2a0f74e0_0 {0 0 0};
    %load/vec4 v0000027c2a0f74e0_0;
    %cmpi/e 43981, 0, 16;
    %jmp/0xz  T_7.14, 6;
    %vpi_call/w 3 126 "$display", "PASS: data matches" {0 0 0};
    %jmp T_7.15;
T_7.14 ;
    %vpi_call/w 3 128 "$display", "FAIL: got 0x%04X", v0000027c2a0f74e0_0 {0 0 0};
T_7.15 ;
    %pushi/vec4 10, 0, 32;
T_7.16 %dup/vec4;
    %pushi/vec4 0, 0, 32;
    %cmp/s;
    %jmp/1xz T_7.17, 5;
    %jmp/1 T_7.17, 4;
    %pushi/vec4 1, 0, 32;
    %sub;
    %wait E_0000027c2a08d810;
    %jmp T_7.16;
T_7.17 ;
    %pop/vec4 1;
    %vpi_call/w 3 131 "$display", "Simulation complete." {0 0 0};
    %vpi_call/w 3 132 "$finish" {0 0 0};
    %end;
    .thread T_7;
# The file index is used to find the file name in the following table.
:file_names 5;
    "N/A";
    "<interactive>";
    "-";
    "tb_sdram_controller.v";
    "sdram_controller.v";
